{"C:\\Users\\erick\\actividad4\\src\\app.js": {"path":"C:\\Users\\erick\\actividad4\\src\\app.js","statementMap":{"0":{"start":{"line":1,"column":16},"end":{"line":1,"column":34}},"1":{"start":{"line":2,"column":17},"end":{"line":2,"column":36}},"2":{"start":{"line":3,"column":19},"end":{"line":3,"column":41}},"3":{"start":{"line":4,"column":13},"end":{"line":4,"column":28}},"4":{"start":{"line":5,"column":15},"end":{"line":5,"column":34}},"5":{"start":{"line":7,"column":12},"end":{"line":7,"column":21}},"6":{"start":{"line":10,"column":0},"end":{"line":10,"column":27}},"7":{"start":{"line":13,"column":0},"end":{"line":13,"column":16}},"8":{"start":{"line":16,"column":0},"end":{"line":16,"column":24}},"9":{"start":{"line":19,"column":14},"end":{"line":19,"column":144}},"10":{"start":{"line":20,"column":0},"end":{"line":27,"column":3}},"11":{"start":{"line":24,"column":2},"end":{"line":24,"column":37}},"12":{"start":{"line":26,"column":2},"end":{"line":26,"column":52}},"13":{"start":{"line":29,"column":0},"end":{"line":29,"column":21}}},"fnMap":{"0":{"name":"(anonymous_0)","decl":{"start":{"line":23,"column":8},"end":{"line":23,"column":9}},"loc":{"start":{"line":23,"column":14},"end":{"line":25,"column":1}},"line":23},"1":{"name":"(anonymous_1)","decl":{"start":{"line":25,"column":9},"end":{"line":25,"column":10}},"loc":{"start":{"line":25,"column":18},"end":{"line":27,"column":1}},"line":25}},"branchMap":{"0":{"loc":{"start":{"line":19,"column":14},"end":{"line":19,"column":144}},"type":"cond-expr","locations":[{"start":{"line":19,"column":48},"end":{"line":19,"column":97}},{"start":{"line":19,"column":100},"end":{"line":19,"column":144}}],"line":19}},"s":{"0":1,"1":1,"2":1,"3":1,"4":1,"5":1,"6":1,"7":1,"8":1,"9":1,"10":1,"11":1,"12":0,"13":1},"f":{"0":1,"1":0},"b":{"0":[1,0]},"_coverageSchema":"1a1c01bbd47fc00a2c39e90264f33305004495a9","hash":"251ab6146fe874605adb2ee18199192eef7ed0b8"}
,"C:\\Users\\erick\\actividad4\\src\\server.js": {"path":"C:\\Users\\erick\\actividad4\\src\\server.js","statementMap":{"0":{"start":{"line":1,"column":17},"end":{"line":1,"column":36}},"1":{"start":{"line":2,"column":12},"end":{"line":2,"column":28}},"2":{"start":{"line":4,"column":0},"end":{"line":7,"column":3}},"3":{"start":{"line":9,"column":11},"end":{"line":9,"column":30}},"4":{"start":{"line":10,"column":0},"end":{"line":10,"column":76}},"5":{"start":{"line":11,"column":0},"end":{"line":13,"column":3}},"6":{"start":{"line":12,"column":2},"end":{"line":12,"column":37}},"7":{"start":{"line":15,"column":13},"end":{"line":15,"column":37}},"8":{"start":{"line":17,"column":15},"end":{"line":19,"column":2}},"9":{"start":{"line":18,"column":2},"end":{"line":18,"column":65}},"10":{"start":{"line":21,"column":0},"end":{"line":21,"column":24}}},"fnMap":{"0":{"name":"(anonymous_0)","decl":{"start":{"line":11,"column":16},"end":{"line":11,"column":17}},"loc":{"start":{"line":11,"column":28},"end":{"line":13,"column":1}},"line":11},"1":{"name":"(anonymous_1)","decl":{"start":{"line":17,"column":32},"end":{"line":17,"column":33}},"loc":{"start":{"line":17,"column":38},"end":{"line":19,"column":1}},"line":17}},"branchMap":{"0":{"loc":{"start":{"line":15,"column":13},"end":{"line":15,"column":37}},"type":"binary-expr","locations":[{"start":{"line":15,"column":13},"end":{"line":15,"column":29}},{"start":{"line":15,"column":33},"end":{"line":15,"column":37}}],"line":15}},"s":{"0":0,"1":0,"2":0,"3":0,"4":0,"5":0,"6":0,"7":0,"8":0,"9":0,"10":0},"f":{"0":0,"1":0},"b":{"0":[0,0]}}
,"C:\\Users\\erick\\actividad4\\src\\controllers\\auth.js": {"path":"C:\\Users\\erick\\actividad4\\src\\controllers\\auth.js","statementMap":{"0":{"start":{"line":1,"column":16},"end":{"line":1,"column":34}},"1":{"start":{"line":2,"column":15},"end":{"line":2,"column":34}},"2":{"start":{"line":3,"column":12},"end":{"line":3,"column":35}},"3":{"start":{"line":4,"column":13},"end":{"line":4,"column":38}},"4":{"start":{"line":6,"column":17},"end":{"line":12,"column":1}},"5":{"start":{"line":7,"column":30},"end":{"line":7,"column":38}},"6":{"start":{"line":8,"column":25},"end":{"line":8,"column":55}},"7":{"start":{"line":9,"column":15},"end":{"line":9,"column":60}},"8":{"start":{"line":10,"column":2},"end":{"line":10,"column":20}},"9":{"start":{"line":11,"column":2},"end":{"line":11,"column":45}},"10":{"start":{"line":14,"column":14},"end":{"line":26,"column":1}},"11":{"start":{"line":15,"column":30},"end":{"line":15,"column":38}},"12":{"start":{"line":16,"column":15},"end":{"line":16,"column":44}},"13":{"start":{"line":17,"column":2},"end":{"line":19,"column":3}},"14":{"start":{"line":18,"column":4},"end":{"line":18,"column":57}},"15":{"start":{"line":20,"column":18},"end":{"line":20,"column":63}},"16":{"start":{"line":21,"column":2},"end":{"line":23,"column":3}},"17":{"start":{"line":22,"column":4},"end":{"line":22,"column":57}},"18":{"start":{"line":24,"column":16},"end":{"line":24,"column":57}},"19":{"start":{"line":25,"column":2},"end":{"line":25,"column":22}},"20":{"start":{"line":28,"column":0},"end":{"line":28,"column":37}}},"fnMap":{"0":{"name":"(anonymous_0)","decl":{"start":{"line":6,"column":17},"end":{"line":6,"column":18}},"loc":{"start":{"line":6,"column":37},"end":{"line":12,"column":1}},"line":6},"1":{"name":"(anonymous_1)","decl":{"start":{"line":14,"column":14},"end":{"line":14,"column":15}},"loc":{"start":{"line":14,"column":34},"end":{"line":26,"column":1}},"line":14}},"branchMap":{"0":{"loc":{"start":{"line":17,"column":2},"end":{"line":19,"column":3}},"type":"if","locations":[{"start":{"line":17,"column":2},"end":{"line":19,"column":3}},{"start":{},"end":{}}],"line":17},"1":{"loc":{"start":{"line":21,"column":2},"end":{"line":23,"column":3}},"type":"if","locations":[{"start":{"line":21,"column":2},"end":{"line":23,"column":3}},{"start":{},"end":{}}],"line":21}},"s":{"0":0,"1":0,"2":0,"3":0,"4":0,"5":0,"6":0,"7":0,"8":0,"9":0,"10":0,"11":0,"12":0,"13":0,"14":0,"15":0,"16":0,"17":0,"18":0,"19":0,"20":0},"f":{"0":0,"1":0},"b":{"0":[0,0],"1":[0,0]}}
,"C:\\Users\\erick\\actividad4\\src\\middlewares\\auth.js": {"path":"C:\\Users\\erick\\actividad4\\src\\middlewares\\auth.js","statementMap":{"0":{"start":{"line":1,"column":12},"end":{"line":1,"column":35}},"1":{"start":{"line":3,"column":0},"end":{"line":16,"column":2}},"2":{"start":{"line":4,"column":16},"end":{"line":4,"column":67}},"3":{"start":{"line":5,"column":2},"end":{"line":7,"column":3}},"4":{"start":{"line":6,"column":4},"end":{"line":6,"column":49}},"5":{"start":{"line":9,"column":2},"end":{"line":15,"column":3}},"6":{"start":{"line":10,"column":20},"end":{"line":10,"column":56}},"7":{"start":{"line":11,"column":4},"end":{"line":11,"column":23}},"8":{"start":{"line":12,"column":4},"end":{"line":12,"column":11}},"9":{"start":{"line":14,"column":4},"end":{"line":14,"column":42}}},"fnMap":{"0":{"name":"(anonymous_0)","decl":{"start":{"line":3,"column":17},"end":{"line":3,"column":18}},"loc":{"start":{"line":3,"column":37},"end":{"line":16,"column":1}},"line":3}},"branchMap":{"0":{"loc":{"start":{"line":5,"column":2},"end":{"line":7,"column":3}},"type":"if","locations":[{"start":{"line":5,"column":2},"end":{"line":7,"column":3}},{"start":{},"end":{}}],"line":5}},"s":{"0":1,"1":1,"2":0,"3":0,"4":0,"5":0,"6":0,"7":0,"8":0,"9":0},"f":{"0":0},"b":{"0":[0,0]},"_coverageSchema":"1a1c01bbd47fc00a2c39e90264f33305004495a9","hash":"4762d5442b14f86038d8d4725a98ef9b381e6245"}
,"C:\\Users\\erick\\actividad4\\src\\models\\user.js": {"path":"C:\\Users\\erick\\actividad4\\src\\models\\user.js","statementMap":{"0":{"start":{"line":1,"column":17},"end":{"line":1,"column":36}},"1":{"start":{"line":3,"column":19},"end":{"line":13,"column":2}},"2":{"start":{"line":15,"column":13},"end":{"line":15,"column":47}},"3":{"start":{"line":17,"column":0},"end":{"line":17,"column":22}}},"fnMap":{},"branchMap":{},"s":{"0":1,"1":1,"2":1,"3":1},"f":{},"b":{},"_coverageSchema":"1a1c01bbd47fc00a2c39e90264f33305004495a9","hash":"d34c255bda74bf720b757431bfeaec00d42b7431"}
,"C:\\Users\\erick\\actividad4\\src\\routes\\index.js": {"path":"C:\\Users\\erick\\actividad4\\src\\routes\\index.js","statementMap":{"0":{"start":{"line":1,"column":16},"end":{"line":1,"column":34}},"1":{"start":{"line":2,"column":15},"end":{"line":2,"column":31}},"2":{"start":{"line":3,"column":13},"end":{"line":3,"column":38}},"3":{"start":{"line":4,"column":15},"end":{"line":4,"column":34}},"4":{"start":{"line":5,"column":12},"end":{"line":5,"column":35}},"5":{"start":{"line":6,"column":13},"end":{"line":6,"column":43}},"6":{"start":{"line":9,"column":0},"end":{"line":19,"column":3}},"7":{"start":{"line":10,"column":30},"end":{"line":10,"column":38}},"8":{"start":{"line":11,"column":2},"end":{"line":18,"column":3}},"9":{"start":{"line":12,"column":27},"end":{"line":12,"column":57}},"10":{"start":{"line":13,"column":17},"end":{"line":13,"column":62}},"11":{"start":{"line":14,"column":4},"end":{"line":14,"column":22}},"12":{"start":{"line":15,"column":4},"end":{"line":15,"column":73}},"13":{"start":{"line":17,"column":4},"end":{"line":17,"column":60}},"14":{"start":{"line":22,"column":0},"end":{"line":38,"column":3}},"15":{"start":{"line":23,"column":30},"end":{"line":23,"column":38}},"16":{"start":{"line":24,"column":2},"end":{"line":37,"column":3}},"17":{"start":{"line":25,"column":17},"end":{"line":25,"column":46}},"18":{"start":{"line":26,"column":4},"end":{"line":28,"column":5}},"19":{"start":{"line":27,"column":6},"end":{"line":27,"column":71}},"20":{"start":{"line":29,"column":20},"end":{"line":29,"column":65}},"21":{"start":{"line":30,"column":4},"end":{"line":32,"column":5}},"22":{"start":{"line":31,"column":6},"end":{"line":31,"column":71}},"23":{"start":{"line":33,"column":18},"end":{"line":33,"column":64}},"24":{"start":{"line":34,"column":4},"end":{"line":34,"column":24}},"25":{"start":{"line":36,"column":4},"end":{"line":36,"column":68}},"26":{"start":{"line":41,"column":0},"end":{"line":43,"column":3}},"27":{"start":{"line":42,"column":2},"end":{"line":42,"column":41}},"28":{"start":{"line":45,"column":0},"end":{"line":45,"column":24}}},"fnMap":{"0":{"name":"(anonymous_0)","decl":{"start":{"line":9,"column":25},"end":{"line":9,"column":26}},"loc":{"start":{"line":9,"column":45},"end":{"line":19,"column":1}},"line":9},"1":{"name":"(anonymous_1)","decl":{"start":{"line":22,"column":22},"end":{"line":22,"column":23}},"loc":{"start":{"line":22,"column":42},"end":{"line":38,"column":1}},"line":22},"2":{"name":"(anonymous_2)","decl":{"start":{"line":41,"column":31},"end":{"line":41,"column":32}},"loc":{"start":{"line":41,"column":45},"end":{"line":43,"column":1}},"line":41}},"branchMap":{"0":{"loc":{"start":{"line":26,"column":4},"end":{"line":28,"column":5}},"type":"if","locations":[{"start":{"line":26,"column":4},"end":{"line":28,"column":5}},{"start":{},"end":{}}],"line":26},"1":{"loc":{"start":{"line":30,"column":4},"end":{"line":32,"column":5}},"type":"if","locations":[{"start":{"line":30,"column":4},"end":{"line":32,"column":5}},{"start":{},"end":{}}],"line":30}},"s":{"0":1,"1":1,"2":1,"3":1,"4":1,"5":1,"6":1,"7":1,"8":1,"9":1,"10":1,"11":1,"12":1,"13":0,"14":1,"15":1,"16":1,"17":1,"18":1,"19":0,"20":1,"21":1,"22":0,"23":1,"24":1,"25":0,"26":1,"27":0,"28":1},"f":{"0":1,"1":1,"2":0},"b":{"0":[0,1],"1":[0,1]},"_coverageSchema":"1a1c01bbd47fc00a2c39e90264f33305004495a9","hash":"10b574ee7e590b8552082cb18df631f28fed9859"}
}
